Feb-20 10:36:15.543 [main] DEBUG nextflow.cli.Launcher - $> nextflow run main.nf
Feb-20 10:36:15.650 [main] INFO  nextflow.cli.CmdRun - N E X T F L O W  ~  version 23.10.0
Feb-20 10:36:15.669 [main] DEBUG nextflow.plugin.PluginsFacade - Setting up plugin manager > mode=prod; embedded=false; plugins-dir=/home/quirin/.nextflow/plugins; core-plugins: nf-amazon@2.1.4,nf-azure@1.3.2,nf-cloudcache@0.3.0,nf-codecommit@0.1.5,nf-console@1.0.6,nf-ga4gh@1.1.0,nf-google@1.8.3,nf-tower@1.6.3,nf-wave@1.0.0
Feb-20 10:36:15.680 [main] INFO  o.pf4j.DefaultPluginStatusProvider - Enabled plugins: []
Feb-20 10:36:15.681 [main] INFO  o.pf4j.DefaultPluginStatusProvider - Disabled plugins: []
Feb-20 10:36:15.684 [main] INFO  org.pf4j.DefaultPluginManager - PF4J version 3.4.1 in 'deployment' mode
Feb-20 10:36:15.695 [main] INFO  org.pf4j.AbstractPluginManager - No plugins
Feb-20 10:36:15.712 [main] DEBUG nextflow.config.ConfigBuilder - Found config local: /home/quirin/git/nf_molpath/quirin/nf-core-nextflow/nextflow.config
Feb-20 10:36:15.714 [main] DEBUG nextflow.config.ConfigBuilder - Parsing config file: /home/quirin/git/nf_molpath/quirin/nf-core-nextflow/nextflow.config
Feb-20 10:36:15.735 [main] DEBUG nextflow.config.ConfigBuilder - Applying config profile: `standard`
Feb-20 10:36:17.729 [main] DEBUG nextflow.cli.CmdRun - Applied DSL=2 from script declararion
Feb-20 10:36:17.745 [main] INFO  nextflow.cli.CmdRun - Launching `main.nf` [elegant_leibniz] DSL2 - revision: b53a31ce39
Feb-20 10:36:17.746 [main] DEBUG nextflow.plugin.PluginsFacade - Plugins declared=[nf-validation@1.1.3]
Feb-20 10:36:17.746 [main] DEBUG nextflow.plugin.PluginsFacade - Plugins default=[]
Feb-20 10:36:17.746 [main] DEBUG nextflow.plugin.PluginsFacade - Plugins resolved requirement=[nf-validation@1.1.3]
Feb-20 10:36:17.746 [main] DEBUG nextflow.plugin.PluginUpdater - Installing plugin nf-validation version: 1.1.3
Feb-20 10:36:17.753 [main] INFO  org.pf4j.AbstractPluginManager - Plugin 'nf-validation@1.1.3' resolved
Feb-20 10:36:17.753 [main] INFO  org.pf4j.AbstractPluginManager - Start plugin 'nf-validation@1.1.3'
Feb-20 10:36:17.762 [main] DEBUG nextflow.plugin.BasePlugin - Plugin started nf-validation@1.1.3
Feb-20 10:36:17.769 [main] DEBUG n.secret.LocalSecretsProvider - Secrets store: /home/quirin/.nextflow/secrets/store.json
Feb-20 10:36:17.773 [main] DEBUG nextflow.secret.SecretsLoader - Discovered secrets providers: [nextflow.secret.LocalSecretsProvider@184823ed] - activable => nextflow.secret.LocalSecretsProvider@184823ed
Feb-20 10:36:17.851 [main] DEBUG nextflow.Session - Session UUID: 29eb9d21-bbe6-40f5-873c-1acbf3ecf1a3
Feb-20 10:36:17.851 [main] DEBUG nextflow.Session - Run name: elegant_leibniz
Feb-20 10:36:17.851 [main] DEBUG nextflow.Session - Executor pool size: 12
Feb-20 10:36:17.858 [main] DEBUG nextflow.file.FilePorter - File porter settings maxRetries=3; maxTransfers=50; pollTimeout=null
Feb-20 10:36:17.863 [main] DEBUG nextflow.util.ThreadPoolBuilder - Creating thread pool 'FileTransfer' minSize=10; maxSize=36; workQueue=LinkedBlockingQueue[10000]; allowCoreThreadTimeout=false
Feb-20 10:36:17.883 [main] DEBUG nextflow.cli.CmdRun - 
  Version: 23.10.0 build 5889
  Created: 15-10-2023 15:07 UTC (17:07 CEST)
  System: Linux 6.5.0-18-generic
  Runtime: Groovy 3.0.19 on OpenJDK 64-Bit Server VM 17.0.9+9-Ubuntu-122.04
  Encoding: UTF-8 (UTF-8)
  Process: 13158@Molpath-NB [127.0.1.1]
  CPUs: 12 - Mem: 15 GB (10.2 GB) - Swap: 2 GB (2 GB)
Feb-20 10:36:17.908 [main] DEBUG nextflow.Session - Work-dir: /home/quirin/git/nf_molpath/quirin/nf-core-nextflow/work [ext2/ext3]
Feb-20 10:36:17.922 [main] DEBUG nextflow.executor.ExecutorFactory - Extension executors providers=[]
Feb-20 10:36:17.931 [main] DEBUG nextflow.Session - Observer factory: DefaultObserverFactory
Feb-20 10:36:17.985 [main] DEBUG nextflow.cache.CacheFactory - Using Nextflow cache factory: nextflow.cache.DefaultCacheFactory
Feb-20 10:36:17.995 [main] DEBUG nextflow.util.CustomThreadPool - Creating default thread pool > poolSize: 13; maxThreads: 1000
Feb-20 10:36:18.061 [main] DEBUG nextflow.Session - Session start
Feb-20 10:36:18.065 [main] DEBUG nextflow.trace.TraceFileObserver - Workflow started -- trace file: /home/quirin/git/nf_molpath/quirin/nf-core-nextflow/pipeline_info/execution_trace_2024-02-20_10-36-17.txt
Feb-20 10:36:18.075 [main] DEBUG nextflow.Session - Using default localLib path: /home/quirin/git/nf_molpath/quirin/nf-core-nextflow/lib
Feb-20 10:36:18.078 [main] DEBUG nextflow.Session - Adding to the classpath library: /home/quirin/git/nf_molpath/quirin/nf-core-nextflow/lib
Feb-20 10:36:18.716 [main] DEBUG nextflow.script.ScriptRunner - > Launching execution
Feb-20 10:36:18.731 [main] DEBUG nextflow.script.IncludeDef - Loading included plugin extensions with names: [validateParameters:validateParameters, paramsHelp:paramsHelp]; plugin Id: nf-validation
Feb-20 10:36:18.752 [main] WARN  nextflow.Nextflow - [nf-core/nextflow] You are attempting to run the pipeline without any custom configuration!

This will be dependent on your local compute environment but can be achieved via one or more of the following:
   (1) Using an existing pipeline profile e.g. `-profile docker` or `-profile singularity`
   (2) Using an existing nf-core/configs for your Institution e.g. `-profile crick` or `-profile uppmax`
   (3) Using your own local custom config e.g. `-c /path/to/your/custom.config`

Please refer to the quick start section and usage docs for the pipeline.
 
Feb-20 10:36:18.947 [main] DEBUG nextflow.script.IncludeDef - Loading included plugin extensions with names: [paramsSummaryLog:paramsSummaryLog, paramsSummaryMap:paramsSummaryMap]; plugin Id: nf-validation
Feb-20 10:36:18.967 [main] INFO  nextflow.Nextflow - 

-[2m----------------------------------------------------[0m-
                                        [0;32m,--.[0;30m/[0;32m,-.[0m
[0;34m        ___     __   __   __   ___     [0;32m/,-._.--~'[0m
[0;34m  |\ | |__  __ /  ` /  \ |__) |__         [0;33m}  {[0m
[0;34m  | \| |       \__, \__/ |  \ |___     [0;32m\`-._,-`-,[0m
                                        [0;32m`._,._,'[0m
[0;35m  nf-core/nextflow v1.0dev[0m
-[2m----------------------------------------------------[0m-
Core Nextflow options
  runName    : elegant_leibniz
  launchDir  : /home/quirin/git/nf_molpath/quirin/nf-core-nextflow
  workDir    : /home/quirin/git/nf_molpath/quirin/nf-core-nextflow/work
  projectDir : /home/quirin/git/nf_molpath/quirin/nf-core-nextflow
  userName   : quirin
  profile    : standard
  configFiles: 

Input/output options
  input      : bla.csv
  outdir     : some_value

Reference genome options
  input      : bla.csv
  fasta      : genome.fa

!! Only displaying parameters that differ from the pipeline defaults !!
------------------------------------------------------
If you use nf-core/nextflow for your analysis please cite:

* The nf-core framework
  https://doi.org/10.1038/s41587-020-0439-x

* Software dependencies
  https://github.com/nf-core/nextflow/blob/master/CITATIONS.md

Feb-20 10:36:19.473 [main] DEBUG nextflow.executor.ExecutorFactory - << taskConfig executor: null
Feb-20 10:36:19.473 [main] DEBUG nextflow.executor.ExecutorFactory - >> processorType: 'local'
Feb-20 10:36:19.479 [main] DEBUG nextflow.executor.Executor - [warm up] executor > local
Feb-20 10:36:19.484 [main] DEBUG n.processor.LocalPollingMonitor - Creating local task monitor for executor 'local' > cpus=12; memory=15 GB; capacity=12; pollInterval=100ms; dumpInterval=5m
Feb-20 10:36:19.487 [main] DEBUG n.processor.TaskPollingMonitor - >>> barrier register (monitor: local)
Feb-20 10:36:19.570 [main] DEBUG nextflow.executor.ExecutorFactory - << taskConfig executor: null
Feb-20 10:36:19.570 [main] DEBUG nextflow.executor.ExecutorFactory - >> processorType: 'local'
Feb-20 10:36:19.577 [main] DEBUG nextflow.executor.ExecutorFactory - << taskConfig executor: null
Feb-20 10:36:19.577 [main] DEBUG nextflow.executor.ExecutorFactory - >> processorType: 'local'
Feb-20 10:36:19.583 [main] DEBUG nextflow.executor.ExecutorFactory - << taskConfig executor: null
Feb-20 10:36:19.583 [main] DEBUG nextflow.executor.ExecutorFactory - >> processorType: 'local'
Feb-20 10:36:19.590 [main] WARN  nextflow.extension.OperatorImpl - The operator `first` is useless when applied to a value channel which returns a single value by definition -- check channel `outputX`
Feb-20 10:36:19.593 [main] WARN  nextflow.extension.OperatorImpl - The operator `first` is useless when applied to a value channel which returns a single value by definition -- check channel `outputY`
Feb-20 10:36:19.598 [main] DEBUG nextflow.executor.ExecutorFactory - << taskConfig executor: null
Feb-20 10:36:19.598 [main] DEBUG nextflow.executor.ExecutorFactory - >> processorType: 'local'
Feb-20 10:36:19.603 [main] DEBUG nextflow.executor.ExecutorFactory - << taskConfig executor: null
Feb-20 10:36:19.603 [main] DEBUG nextflow.executor.ExecutorFactory - >> processorType: 'local'
Feb-20 10:36:19.607 [main] DEBUG nextflow.executor.ExecutorFactory - << taskConfig executor: null
Feb-20 10:36:19.607 [main] DEBUG nextflow.executor.ExecutorFactory - >> processorType: 'local'
Feb-20 10:36:19.614 [main] DEBUG nextflow.executor.ExecutorFactory - << taskConfig executor: null
Feb-20 10:36:19.614 [main] DEBUG nextflow.executor.ExecutorFactory - >> processorType: 'local'
Feb-20 10:36:19.622 [main] DEBUG nextflow.executor.ExecutorFactory - << taskConfig executor: null
Feb-20 10:36:19.622 [main] DEBUG nextflow.executor.ExecutorFactory - >> processorType: 'local'
Feb-20 10:36:19.627 [main] DEBUG nextflow.executor.ExecutorFactory - << taskConfig executor: null
Feb-20 10:36:19.627 [main] DEBUG nextflow.executor.ExecutorFactory - >> processorType: 'local'
Feb-20 10:36:19.632 [main] DEBUG nextflow.executor.ExecutorFactory - << taskConfig executor: null
Feb-20 10:36:19.632 [main] DEBUG nextflow.executor.ExecutorFactory - >> processorType: 'local'
Feb-20 10:36:19.637 [main] DEBUG nextflow.executor.ExecutorFactory - << taskConfig executor: null
Feb-20 10:36:19.638 [main] DEBUG nextflow.executor.ExecutorFactory - >> processorType: 'local'
Feb-20 10:36:19.642 [main] DEBUG nextflow.executor.ExecutorFactory - << taskConfig executor: null
Feb-20 10:36:19.642 [main] DEBUG nextflow.executor.ExecutorFactory - >> processorType: 'local'
Feb-20 10:36:19.646 [main] DEBUG nextflow.executor.ExecutorFactory - << taskConfig executor: null
Feb-20 10:36:19.646 [main] DEBUG nextflow.executor.ExecutorFactory - >> processorType: 'local'
Feb-20 10:36:19.651 [main] DEBUG nextflow.executor.ExecutorFactory - << taskConfig executor: null
Feb-20 10:36:19.651 [main] DEBUG nextflow.executor.ExecutorFactory - >> processorType: 'local'
Feb-20 10:36:19.656 [main] DEBUG nextflow.executor.ExecutorFactory - << taskConfig executor: null
Feb-20 10:36:19.656 [main] DEBUG nextflow.executor.ExecutorFactory - >> processorType: 'local'
Feb-20 10:36:19.664 [main] DEBUG nextflow.executor.ExecutorFactory - << taskConfig executor: null
Feb-20 10:36:19.664 [main] DEBUG nextflow.executor.ExecutorFactory - >> processorType: 'local'
Feb-20 10:36:19.668 [main] DEBUG nextflow.Session - Config process names validation disabled as requested
Feb-20 10:36:19.670 [main] DEBUG nextflow.Session - Igniting dataflow network (21)
Feb-20 10:36:19.677 [main] DEBUG nextflow.processor.TaskProcessor - Starting process > NFCORE_NEXTFLOW:trigger
Feb-20 10:36:19.678 [main] DEBUG nextflow.processor.TaskProcessor - Starting process > NFCORE_NEXTFLOW:runHLA
Feb-20 10:36:19.678 [main] DEBUG nextflow.processor.TaskProcessor - Starting process > NFCORE_NEXTFLOW:runFusionCatcher
Feb-20 10:36:19.678 [main] DEBUG nextflow.processor.TaskProcessor - Starting process > NFCORE_NEXTFLOW:runArriba
Feb-20 10:36:19.678 [main] DEBUG nextflow.processor.TaskProcessor - Starting process > NFCORE_NEXTFLOW:runTranslocations
Feb-20 10:36:19.678 [main] DEBUG nextflow.processor.TaskProcessor - Starting process > NFCORE_NEXTFLOW:runMSI
Feb-20 10:36:19.678 [main] DEBUG nextflow.processor.TaskProcessor - Starting process > NFCORE_NEXTFLOW:runMutect
Feb-20 10:36:19.678 [main] DEBUG nextflow.processor.TaskProcessor - Starting process > NFCORE_NEXTFLOW:runNormalization
Feb-20 10:36:19.679 [main] DEBUG nextflow.processor.TaskProcessor - Starting process > NFCORE_NEXTFLOW:mergevcf
Feb-20 10:36:19.679 [main] DEBUG nextflow.processor.TaskProcessor - Starting process > NFCORE_NEXTFLOW:run_vep
Feb-20 10:36:19.679 [main] DEBUG nextflow.processor.TaskProcessor - Starting process > NFCORE_NEXTFLOW:runCNV
Feb-20 10:36:19.679 [main] DEBUG nextflow.processor.TaskProcessor - Starting process > NFCORE_NEXTFLOW:run_TERT_detection
Feb-20 10:36:19.679 [main] DEBUG nextflow.processor.TaskProcessor - Starting process > NFCORE_NEXTFLOW:run_TMB
Feb-20 10:36:19.679 [main] DEBUG nextflow.processor.TaskProcessor - Starting process > NFCORE_NEXTFLOW:run_pVACtools
Feb-20 10:36:19.679 [main] DEBUG nextflow.processor.TaskProcessor - Starting process > NFCORE_NEXTFLOW:run_mutsig
Feb-20 10:36:19.681 [main] DEBUG nextflow.processor.TaskProcessor - Starting process > NFCORE_NEXTFLOW:filter_vcf
Feb-20 10:36:19.681 [main] DEBUG nextflow.processor.TaskProcessor - Starting process > NFCORE_NEXTFLOW:triggerOutput
Feb-20 10:36:19.682 [main] DEBUG nextflow.script.ScriptRunner - Parsed script files:
  Script_4d0f616213c1dcf2: /home/quirin/git/nf_molpath/quirin/nf-core-nextflow/./workflows/nextflow.nf
  Script_ad258e03fe211798: /home/quirin/git/nf_molpath/quirin/nf-core-nextflow/./workflows/../modules/nf-core/custom/dumpsoftwareversions/main.nf
  Script_71add437d9e6d9eb: /home/quirin/git/nf_molpath/quirin/nf-core-nextflow/./workflows/../modules/nf-core/multiqc/main.nf
  Script_4ba798786ecd6418: /home/quirin/git/nf_molpath/quirin/nf-core-nextflow/./workflows/../modules/nf-core/fastqc/main.nf
  Script_88dc8507fd402371: /home/quirin/git/nf_molpath/quirin/nf-core-nextflow/./workflows/../subworkflows/local/../../modules/local/samplesheet_check.nf
  Script_62f6f04b72edfa2a: /home/quirin/git/nf_molpath/quirin/nf-core-nextflow/main.nf
  Script_3e1ccb830dfd5a49: /home/quirin/git/nf_molpath/quirin/nf-core-nextflow/./workflows/../subworkflows/local/input_check.nf
Feb-20 10:36:19.682 [main] DEBUG nextflow.script.ScriptRunner - > Awaiting termination 
Feb-20 10:36:19.682 [main] DEBUG nextflow.Session - Session await
Feb-20 10:36:19.831 [Task submitter] DEBUG n.executor.local.LocalTaskHandler - Launch cmd line: /bin/bash -ue .command.run
Feb-20 10:36:19.834 [Task submitter] INFO  nextflow.Session - [e2/f0b991] Submitted process > NFCORE_NEXTFLOW:trigger (1)
Feb-20 10:36:19.919 [Task monitor] DEBUG n.processor.TaskPollingMonitor - Task completed > TaskHandler[id: 1; name: NFCORE_NEXTFLOW:trigger (1); status: COMPLETED; exit: 0; error: -; workDir: /home/quirin/git/nf_molpath/quirin/nf-core-nextflow/work/e2/f0b99153564ed81640e28d7f0aa126]
Feb-20 10:36:19.947 [Task monitor] DEBUG nextflow.util.ThreadPoolBuilder - Creating thread pool 'PublishDir' minSize=10; maxSize=36; workQueue=LinkedBlockingQueue[10000]; allowCoreThreadTimeout=false
Feb-20 10:36:19.980 [Task submitter] DEBUG n.executor.local.LocalTaskHandler - Launch cmd line: /bin/bash -ue .command.run
Feb-20 10:36:19.981 [Task submitter] INFO  nextflow.Session - [55/107e98] Submitted process > NFCORE_NEXTFLOW:runMSI
Feb-20 10:36:19.995 [Task submitter] DEBUG n.executor.local.LocalTaskHandler - Launch cmd line: /bin/bash -ue .command.run
Feb-20 10:36:19.996 [Task submitter] INFO  nextflow.Session - [d5/626d82] Submitted process > NFCORE_NEXTFLOW:runMutect
Feb-20 10:36:20.061 [Task monitor] DEBUG n.processor.TaskPollingMonitor - Task completed > TaskHandler[id: 4; name: NFCORE_NEXTFLOW:runMSI; status: COMPLETED; exit: 0; error: -; workDir: /home/quirin/git/nf_molpath/quirin/nf-core-nextflow/work/55/107e9843b9a24988d15eb4bc322d4a]
Feb-20 10:36:20.067 [Task submitter] DEBUG n.executor.local.LocalTaskHandler - Launch cmd line: /bin/bash -ue .command.run
Feb-20 10:36:20.068 [Task submitter] INFO  nextflow.Session - [71/11db67] Submitted process > NFCORE_NEXTFLOW:runArriba
Feb-20 10:36:20.078 [Task monitor] DEBUG n.processor.TaskPollingMonitor - Task completed > TaskHandler[id: 3; name: NFCORE_NEXTFLOW:runMutect; status: COMPLETED; exit: 0; error: -; workDir: /home/quirin/git/nf_molpath/quirin/nf-core-nextflow/work/d5/626d82b8bba86085dc206a1ed6a5ff]
Feb-20 10:36:20.082 [Task submitter] DEBUG n.executor.local.LocalTaskHandler - Launch cmd line: /bin/bash -ue .command.run
Feb-20 10:36:20.083 [Task submitter] INFO  nextflow.Session - [91/cdc690] Submitted process > NFCORE_NEXTFLOW:runHLA
Feb-20 10:36:20.149 [Task monitor] DEBUG n.processor.TaskPollingMonitor - Task completed > TaskHandler[id: 2; name: NFCORE_NEXTFLOW:runArriba; status: COMPLETED; exit: 0; error: -; workDir: /home/quirin/git/nf_molpath/quirin/nf-core-nextflow/work/71/11db67aae5f48494c8026fd190f946]
Feb-20 10:36:20.154 [Task submitter] DEBUG n.executor.local.LocalTaskHandler - Launch cmd line: /bin/bash -ue .command.run
Feb-20 10:36:20.155 [Task submitter] INFO  nextflow.Session - [0a/41d7e1] Submitted process > NFCORE_NEXTFLOW:runFusionCatcher
Feb-20 10:36:20.164 [Task monitor] DEBUG n.processor.TaskPollingMonitor - Task completed > TaskHandler[id: 6; name: NFCORE_NEXTFLOW:runHLA; status: COMPLETED; exit: 0; error: -; workDir: /home/quirin/git/nf_molpath/quirin/nf-core-nextflow/work/91/cdc6909fd4504cf9d7bfdaab94394d]
Feb-20 10:36:20.168 [Task submitter] DEBUG n.executor.local.LocalTaskHandler - Launch cmd line: /bin/bash -ue .command.run
Feb-20 10:36:20.168 [Task submitter] INFO  nextflow.Session - [46/bc0e73] Submitted process > NFCORE_NEXTFLOW:runNormalization
Feb-20 10:36:20.235 [Task monitor] DEBUG n.processor.TaskPollingMonitor - Task completed > TaskHandler[id: 5; name: NFCORE_NEXTFLOW:runFusionCatcher; status: COMPLETED; exit: 0; error: -; workDir: /home/quirin/git/nf_molpath/quirin/nf-core-nextflow/work/0a/41d7e177dd89d041641adf96b559e9]
Feb-20 10:36:20.248 [Task submitter] DEBUG n.executor.local.LocalTaskHandler - Launch cmd line: /bin/bash -ue .command.run
Feb-20 10:36:20.249 [Task submitter] INFO  nextflow.Session - [a5/e67e1a] Submitted process > NFCORE_NEXTFLOW:runTranslocations
Feb-20 10:36:20.249 [Task monitor] DEBUG n.processor.TaskPollingMonitor - Task completed > TaskHandler[id: 7; name: NFCORE_NEXTFLOW:runNormalization; status: COMPLETED; exit: 0; error: -; workDir: /home/quirin/git/nf_molpath/quirin/nf-core-nextflow/work/46/bc0e736428e10e79a5db83e09b5e86]
Feb-20 10:36:20.265 [Task submitter] DEBUG n.executor.local.LocalTaskHandler - Launch cmd line: /bin/bash -ue .command.run
Feb-20 10:36:20.266 [Task submitter] INFO  nextflow.Session - [71/de1774] Submitted process > NFCORE_NEXTFLOW:mergevcf
Feb-20 10:36:20.330 [Task monitor] DEBUG n.processor.TaskPollingMonitor - Task completed > TaskHandler[id: 8; name: NFCORE_NEXTFLOW:runTranslocations; status: COMPLETED; exit: 0; error: -; workDir: /home/quirin/git/nf_molpath/quirin/nf-core-nextflow/work/a5/e67e1a3d76cc2c1bad5cb9121a827e]
Feb-20 10:36:20.345 [Task monitor] DEBUG n.processor.TaskPollingMonitor - Task completed > TaskHandler[id: 9; name: NFCORE_NEXTFLOW:mergevcf; status: COMPLETED; exit: 0; error: -; workDir: /home/quirin/git/nf_molpath/quirin/nf-core-nextflow/work/71/de17748feb28a5876e456f4e44d1c8]
Feb-20 10:36:20.359 [Task submitter] DEBUG n.executor.local.LocalTaskHandler - Launch cmd line: /bin/bash -ue .command.run
Feb-20 10:36:20.359 [Task submitter] INFO  nextflow.Session - [27/0ce510] Submitted process > NFCORE_NEXTFLOW:run_vep
Feb-20 10:36:20.434 [Task monitor] DEBUG n.processor.TaskPollingMonitor - Task completed > TaskHandler[id: 10; name: NFCORE_NEXTFLOW:run_vep; status: COMPLETED; exit: 0; error: -; workDir: /home/quirin/git/nf_molpath/quirin/nf-core-nextflow/work/27/0ce5109ab33e16a372e823e1949fbd]
Feb-20 10:36:20.446 [Task submitter] DEBUG n.executor.local.LocalTaskHandler - Launch cmd line: /bin/bash -ue .command.run
Feb-20 10:36:20.447 [Task submitter] INFO  nextflow.Session - [a7/345b4d] Submitted process > NFCORE_NEXTFLOW:run_pVACtools
Feb-20 10:36:20.451 [Task submitter] DEBUG n.executor.local.LocalTaskHandler - Launch cmd line: /bin/bash -ue .command.run
Feb-20 10:36:20.451 [Task submitter] INFO  nextflow.Session - [bf/e84089] Submitted process > NFCORE_NEXTFLOW:run_TMB
Feb-20 10:36:20.521 [Task monitor] DEBUG n.processor.TaskPollingMonitor - Task completed > TaskHandler[id: 14; name: NFCORE_NEXTFLOW:run_pVACtools; status: COMPLETED; exit: 0; error: -; workDir: /home/quirin/git/nf_molpath/quirin/nf-core-nextflow/work/a7/345b4d09cb8be392ad9798e2e2593b]
Feb-20 10:36:20.525 [Task submitter] DEBUG n.executor.local.LocalTaskHandler - Launch cmd line: /bin/bash -ue .command.run
Feb-20 10:36:20.525 [Task submitter] INFO  nextflow.Session - [ca/ffe552] Submitted process > NFCORE_NEXTFLOW:run_TERT_detection
Feb-20 10:36:20.528 [Task monitor] DEBUG n.processor.TaskPollingMonitor - Task completed > TaskHandler[id: 15; name: NFCORE_NEXTFLOW:run_TMB; status: COMPLETED; exit: 0; error: -; workDir: /home/quirin/git/nf_molpath/quirin/nf-core-nextflow/work/bf/e84089d14142af6b1c2f79d2862e60]
Feb-20 10:36:20.532 [Task submitter] DEBUG n.executor.local.LocalTaskHandler - Launch cmd line: /bin/bash -ue .command.run
Feb-20 10:36:20.533 [Task submitter] INFO  nextflow.Session - [48/ee94fb] Submitted process > NFCORE_NEXTFLOW:run_mutsig
Feb-20 10:36:20.604 [Task monitor] DEBUG n.processor.TaskPollingMonitor - Task completed > TaskHandler[id: 11; name: NFCORE_NEXTFLOW:run_TERT_detection; status: COMPLETED; exit: 0; error: -; workDir: /home/quirin/git/nf_molpath/quirin/nf-core-nextflow/work/ca/ffe5529eabae4e655233ca98f4c74e]
Feb-20 10:36:20.607 [Task submitter] DEBUG n.executor.local.LocalTaskHandler - Launch cmd line: /bin/bash -ue .command.run
Feb-20 10:36:20.608 [Task submitter] INFO  nextflow.Session - [01/b4c548] Submitted process > NFCORE_NEXTFLOW:runCNV
Feb-20 10:36:20.611 [Task monitor] DEBUG n.processor.TaskPollingMonitor - Task completed > TaskHandler[id: 13; name: NFCORE_NEXTFLOW:run_mutsig; status: COMPLETED; exit: 0; error: -; workDir: /home/quirin/git/nf_molpath/quirin/nf-core-nextflow/work/48/ee94fb74dd0cbe0b7dd8e028eeb0de]
Feb-20 10:36:20.615 [Task submitter] DEBUG n.executor.local.LocalTaskHandler - Launch cmd line: /bin/bash -ue .command.run
Feb-20 10:36:20.615 [Task submitter] INFO  nextflow.Session - [d0/81b584] Submitted process > NFCORE_NEXTFLOW:filter_vcf
Feb-20 10:36:20.690 [Task monitor] DEBUG n.processor.TaskPollingMonitor - Task completed > TaskHandler[id: 16; name: NFCORE_NEXTFLOW:runCNV; status: COMPLETED; exit: 0; error: -; workDir: /home/quirin/git/nf_molpath/quirin/nf-core-nextflow/work/01/b4c548743d5b10e02b7c1310798be2]
Feb-20 10:36:20.694 [Task monitor] DEBUG n.processor.TaskPollingMonitor - Task completed > TaskHandler[id: 12; name: NFCORE_NEXTFLOW:filter_vcf; status: COMPLETED; exit: 0; error: -; workDir: /home/quirin/git/nf_molpath/quirin/nf-core-nextflow/work/d0/81b584f23a15f63543f743aea2825f]
Feb-20 10:36:20.705 [Task submitter] DEBUG n.executor.local.LocalTaskHandler - Launch cmd line: /bin/bash -ue .command.run
Feb-20 10:36:20.706 [Task submitter] INFO  nextflow.Session - [41/aa6c9c] Submitted process > NFCORE_NEXTFLOW:triggerOutput
Feb-20 10:36:20.784 [Task monitor] DEBUG n.processor.TaskPollingMonitor - Task completed > TaskHandler[id: 17; name: NFCORE_NEXTFLOW:triggerOutput; status: COMPLETED; exit: 0; error: -; workDir: /home/quirin/git/nf_molpath/quirin/nf-core-nextflow/work/41/aa6c9c59d4d2ee03d61292b3a0b148]
Feb-20 10:36:20.785 [main] DEBUG nextflow.Session - Session await > all processes finished
Feb-20 10:36:20.787 [Task monitor] DEBUG n.processor.TaskPollingMonitor - <<< barrier arrives (monitor: local) - terminating tasks monitor poll loop
Feb-20 10:36:20.787 [main] DEBUG nextflow.Session - Session await > all barriers passed
Feb-20 10:36:20.790 [main] DEBUG nextflow.util.ThreadPoolManager - Thread pool 'PublishDir' shutdown completed (hard=false)
Feb-20 10:36:20.818 [main] INFO  nextflow.Nextflow - -[0;35m[nf-core/nextflow][0;32m Pipeline completed successfully[0m-
Feb-20 10:36:20.821 [main] DEBUG n.trace.WorkflowStatsObserver - Workflow completed > WorkflowStats[succeededCount=17; failedCount=0; ignoredCount=0; cachedCount=0; pendingCount=0; submittedCount=0; runningCount=0; retriesCount=0; abortedCount=0; succeedDuration=100ms; failedDuration=0ms; cachedDuration=0ms;loadCpus=0; loadMemory=0; peakRunning=2; peakCpus=2; peakMemory=12 GB; ]
Feb-20 10:36:20.822 [main] DEBUG nextflow.trace.TraceFileObserver - Workflow completed -- saving trace file
Feb-20 10:36:20.823 [main] DEBUG nextflow.trace.ReportObserver - Workflow completed -- rendering execution report
Feb-20 10:36:21.242 [main] DEBUG nextflow.trace.TimelineObserver - Workflow completed -- rendering execution timeline
Feb-20 10:36:21.522 [main] DEBUG nextflow.cache.CacheDB - Closing CacheDB done
Feb-20 10:36:21.522 [main] INFO  org.pf4j.AbstractPluginManager - Stop plugin 'nf-validation@1.1.3'
Feb-20 10:36:21.522 [main] DEBUG nextflow.plugin.BasePlugin - Plugin stopped nf-validation
Feb-20 10:36:21.547 [main] DEBUG nextflow.util.ThreadPoolManager - Thread pool 'FileTransfer' shutdown completed (hard=false)
Feb-20 10:36:21.548 [main] DEBUG nextflow.script.ScriptRunner - > Execution complete -- Goodbye
